2020-07-26 - 06:14:45 INFO: The connection has been established
2020-07-26 - 06:14:45 INFO: ...waiting messages, press CTRL+C to exit
2020-07-26 - 06:14:45 INFO: Received feature vector b'[-0.0709002470971626, 0.0506801187398187, -0.0751859268641859, -0.0400993174922969, -0.051103262715452, -0.015092409744958, -0.0397192078479398, -0.00259226199818282, -0.096433222891784, -0.0342145528191441]'
2020-07-26 - 06:14:45 INFO: Message with y_pred value sent to queue
2020-07-26 - 06:14:47 INFO: Received feature vector b'[0.0562385986885218, 0.0506801187398187, 0.0218171597850952, 0.0563010619323185, -0.00707277125301585, 0.0181013272047324, -0.0323559322397657, -0.00259226199818282, -0.0236445575721341, 0.0237749439885419]'
2020-07-26 - 06:14:47 INFO: Message with y_pred value sent to queue
2020-07-26 - 06:14:50 INFO: Received feature vector b'[0.0344433679824045, 0.0506801187398187, 0.0282840322283806, -0.0332135761048244, -0.0455994512826475, -0.00976888589453599, -0.050764121260201, -0.00259226199818282, -0.0594726974107223, -0.0217882320746399]'
2020-07-26 - 06:14:50 INFO: Message with y_pred value sent to queue
2020-07-26 - 06:14:53 INFO: Received feature vector b'[0.0417084448844436, 0.0506801187398187, -0.0439293767216398, 0.063186803319791, -0.00432086553661359, 0.0162224364339952, -0.0139477432193303, -0.00259226199818282, -0.0345237153303495, 0.0113486232440377]'
2020-07-26 - 06:14:53 INFO: Message with y_pred value sent to queue
2020-07-26 - 06:14:56 INFO: Received feature vector b'[0.0162806757273067, 0.0506801187398187, -0.0460850008694016, 0.0115437429137471, -0.0332158755588373, -0.0160318551303266, -0.0102661054152432, -0.00259226199818282, -0.0439854025655911, -0.0424987666488135]'
2020-07-26 - 06:14:56 INFO: Message with y_pred value sent to queue
2020-07-26 - 06:14:59 INFO: Received feature vector b'[0.00175052192322852, 0.0506801187398187, 0.0595405823709267, -0.00222773986119799, 0.0617248716570406, 0.063194705702425, -0.0581273968683752, 0.108111100629544, 0.0689822116363026, 0.12732761685941]'
2020-07-26 - 06:14:59 INFO: Message with y_pred value sent to queue
2020-07-26 - 06:15:02 INFO: Received feature vector b'[0.0380759064334241, 0.0506801187398187, 0.0616962065186885, 0.0218723549949558, -0.0442234984244464, -0.0348207628376986, -0.0434008456520269, -0.00259226199818282, 0.0199084208763183, -0.0176461251598052]'
2020-07-26 - 06:15:02 INFO: Message with y_pred value sent to queue
2020-07-26 - 06:15:05 INFO: Received feature vector b'[0.00175052192322852, -0.044641636506989, -0.0708746785686623, -0.0228849640236156, -0.00156895982021134, -0.00100072896442909, 0.0265502726256275, -0.0394933828740919, -0.0225121719296605, 0.00720651632920303]'
2020-07-26 - 06:15:05 INFO: Message with y_pred value sent to queue
2020-07-26 - 06:15:08 INFO: Received feature vector b'[0.0453409833354632, 0.0506801187398187, -0.00836157828357004, -0.0332135761048244, -0.00707277125301585, 0.00119131026809764, -0.0397192078479398, 0.0343088588777263, 0.0299356483965325, 0.0279170509033766]'
2020-07-26 - 06:15:08 INFO: Message with y_pred value sent to queue
2020-07-26 - 06:15:11 INFO: Received feature vector b'[-0.034574862586967, 0.0506801187398187, -0.000816893766403737, 0.0700725447072635, 0.0397096259258226, 0.0669524872438994, -0.0654906724765493, 0.108111100629544, 0.0267142576335128, 0.0734802269665584]'
2020-07-26 - 06:15:11 INFO: Message with y_pred value sent to queue
2020-07-26 - 06:15:14 INFO: Received feature vector b'[0.0271782910803654, -0.044641636506989, -0.00728376620968916, -0.0504279295735057, 0.075484400239052, 0.0566185880048449, 0.0339135482338016, -0.00259226199818282, 0.0434431722527813, 0.0154907301588724]'
2020-07-26 - 06:15:14 INFO: Message with y_pred value sent to queue
2020-07-26 - 06:15:17 INFO: Received feature vector b'[-0.0745327855481821, 0.0506801187398187, -0.0180618869484982, 0.0081008722200108, -0.019456346976826, -0.0248000120604336, -0.0654906724765493, 0.0343088588777263, 0.0673172179146849, -0.0176461251598052]'
2020-07-26 - 06:15:17 INFO: Message with y_pred value sent to queue
2020-07-26 - 06:15:20 INFO: Received feature vector b'[0.0417084448844436, 0.0506801187398187, -0.0385403163522353, 0.0528581912385822, 0.0768603530972531, 0.116429944206646, -0.0397192078479398, 0.0712099797536354, -0.0225121719296605, -0.0135040182449705]'
2020-07-26 - 06:15:20 INFO: Message with y_pred value sent to queue
2020-07-26 - 06:15:23 INFO: Received feature vector b'[-0.0418399394890061, -0.044641636506989, 0.128520555099304, 0.063186803319791, -0.0332158755588373, -0.0326287236051719, 0.0118237214092792, -0.0394933828740919, -0.0159982677581387, -0.0507829804784829]'
2020-07-26 - 06:15:23 INFO: Message with y_pred value sent to queue
2020-07-26 - 06:15:26 INFO: Received feature vector b'[0.0235457526293458, -0.044641636506989, 0.0616962065186885, 0.0528581912385822, -0.0345918284170385, -0.0489124436182275, -0.0286742944356786, -0.00259226199818282, 0.0547240033481791, -0.0052198044153011]'
2020-07-26 - 06:15:26 INFO: Message with y_pred value sent to queue
2020-07-26 - 06:15:29 INFO: Received feature vector b'[-0.0527375548420648, 0.0506801187398187, -0.0115950145052127, 0.0563010619323185, 0.0562210602242361, 0.0729023080179005, -0.0397192078479398, 0.0712099797536354, 0.0305664873984148, -0.0052198044153011]'
2020-07-26 - 06:15:29 INFO: Message with y_pred value sent to queue
2020-07-26 - 06:15:32 INFO: Received feature vector b'[-0.0527375548420648, -0.044641636506989, -0.000816893766403737, -0.0263278347173518, 0.0108146159035988, 0.00714113104209875, 0.0486400994501499, -0.0394933828740919, -0.0358167281015492, 0.0196328370737072]'
2020-07-26 - 06:15:32 INFO: Message with y_pred value sent to queue
2020-07-26 - 06:15:35 INFO: Received feature vector b'[-0.0527375548420648, -0.044641636506989, -0.0622521819776151, -0.0263278347173518, -0.00569681839481472, -0.005071658967693, 0.0302319104297145, -0.0394933828740919, -0.0307512098645563, -0.0714935150526564]'
2020-07-26 - 06:15:35 INFO: Message with y_pred value sent to queue
2020-07-26 - 06:15:38 INFO: Received feature vector b'[0.0598711371395414, 0.0506801187398187, 0.0767855755530211, 0.0253152256886921, 0.00118294589619092, 0.0168487333575743, -0.0544457590642881, 0.0343088588777263, 0.0299356483965325, 0.0444854785627154]'
2020-07-26 - 06:15:38 INFO: Message with y_pred value sent to queue
2020-07-26 - 06:15:41 INFO: Received feature vector b'[-0.103593093156339, -0.044641636506989, -0.0374625042783544, -0.0263278347173518, 0.00255889875439205, 0.0199802179754696, 0.0118237214092792, -0.00259226199818282, -0.0683297436244215, -0.0259303389894746]'
2020-07-26 - 06:15:41 INFO: Message with y_pred value sent to queue
2020-07-26 - 06:15:44 INFO: Received feature vector b'[0.0199132141783263, -0.044641636506989, 0.00457216660300077, -0.0263278347173518, 0.023198191627409, 0.0102726156599941, 0.0670482884705852, -0.0394933828740919, -0.0236445575721341, -0.0466408735636482]'
2020-07-26 - 06:15:44 INFO: Message with y_pred value sent to queue
2020-07-26 - 06:15:47 INFO: Received feature vector b'[0.0671362140415805, 0.0506801187398187, -0.030995631835069, 0.00465800152627453, 0.0245741444856101, 0.0356376410649462, -0.0286742944356786, 0.0343088588777263, 0.0233748412798208, 0.0817644407962278]'
2020-07-26 - 06:15:47 INFO: Message with y_pred value sent to queue
2020-07-26 - 06:15:50 INFO: Received feature vector b'[0.0417084448844436, 0.0506801187398187, -0.0439293767216398, 0.063186803319791, -0.00432086553661359, 0.0162224364339952, -0.0139477432193303, -0.00259226199818282, -0.0345237153303495, 0.0113486232440377]'
2020-07-26 - 06:15:50 INFO: Message with y_pred value sent to queue
2020-07-26 - 06:15:53 INFO: Received feature vector b'[0.0380759064334241, 0.0506801187398187, 0.00564997867688165, 0.0322009670761646, 0.00668675732899544, 0.0174750302811533, -0.0249926566315915, 0.0343088588777263, 0.0148227108412663, 0.0610539062220542]'
2020-07-26 - 06:15:53 INFO: Message with y_pred value sent to queue
2020-07-26 - 06:15:56 INFO: Received feature vector b'[0.0380759064334241, 0.0506801187398187, 0.0164280994156907, 0.0218723549949558, 0.0397096259258226, 0.0450320949186321, -0.0434008456520269, 0.0712099797536354, 0.049768659920749, 0.0154907301588724]'
2020-07-26 - 06:15:56 INFO: Message with y_pred value sent to queue
2020-07-26 - 06:15:59 INFO: Received feature vector b'[0.030810829531385, 0.0506801187398187, 0.0595405823709267, 0.0563010619323185, -0.0222082526932283, 0.00119131026809764, -0.0323559322397657, -0.00259226199818282, -0.0247911874324607, -0.0176461251598052]'
2020-07-26 - 06:15:59 INFO: Message with y_pred value sent to queue
2020-07-26 - 06:16:02 INFO: Received feature vector b'[0.0199132141783263, 0.0506801187398187, 0.00996122697240527, 0.0184294843012196, 0.0149424744782022, 0.0447189464568426, -0.0618090346724622, 0.0712099797536354, 0.00943640914607987, -0.063209301222987]'
2020-07-26 - 06:16:02 INFO: Message with y_pred value sent to queue
2020-07-26 - 06:16:05 INFO: Received feature vector b'[-0.00188201652779104, -0.044641636506989, -0.0514740612388061, -0.0263278347173518, -0.00844872411121698, -0.019163339748222, 0.0744115640787594, -0.0394933828740919, -0.0683297436244215, -0.09220404962683]'
2020-07-26 - 06:16:05 INFO: Message with y_pred value sent to queue
2020-07-26 - 06:16:08 INFO: Received feature vector b'[-0.0454724779400257, 0.0506801187398187, -0.0245287593917836, 0.0597439326260547, 0.00531080447079431, 0.0149698425868371, -0.0544457590642881, 0.0712099797536354, 0.0423448954496075, 0.0154907301588724]'
2020-07-26 - 06:16:08 INFO: Message with y_pred value sent to queue
2020-07-26 - 06:16:11 INFO: Received feature vector b'[0.0162806757273067, 0.0506801187398187, -0.0212953231701409, -0.00911348124867051, 0.034205814493018, 0.047850431074738, 0.000778807997017968, -0.00259226199818282, -0.0129079422541688, 0.0237749439885419]'
2020-07-26 - 06:16:11 INFO: Message with y_pred value sent to queue
2020-07-26 - 06:16:14 INFO: Received feature vector b'[-0.0745327855481821, 0.0506801187398187, -0.0180618869484982, 0.0081008722200108, -0.019456346976826, -0.0248000120604336, -0.0654906724765493, 0.0343088588777263, 0.0673172179146849, -0.0176461251598052]'
2020-07-26 - 06:16:14 INFO: Message with y_pred value sent to queue
2020-07-26 - 06:16:17 INFO: Received feature vector b'[0.0199132141783263, -0.044641636506989, 0.00457216660300077, -0.0263278347173518, 0.023198191627409, 0.0102726156599941, 0.0670482884705852, -0.0394933828740919, -0.0236445575721341, -0.0466408735636482]'
2020-07-26 - 06:16:17 INFO: Message with y_pred value sent to queue
2020-07-26 - 06:16:20 INFO: Received feature vector b'[0.00901559882526763, 0.0506801187398187, -0.0396181284261162, 0.0287580963824284, 0.0383336730676214, 0.0735286049414796, -0.0728539480847234, 0.108111100629544, 0.0155668445407018, -0.0466408735636482]'
2020-07-26 - 06:16:20 INFO: Message with y_pred value sent to queue
2020-07-26 - 06:16:23 INFO: Received feature vector b'[-0.0745327855481821, -0.044641636506989, -0.0234509473179027, -0.00567061055493425, -0.0208322998350272, -0.0141529643595894, 0.0155053592133662, -0.0394933828740919, -0.0384591123013538, -0.0300724459043093]'
2020-07-26 - 06:16:23 INFO: Message with y_pred value sent to queue
2020-07-26 - 06:16:26 INFO: Received feature vector b'[0.00901559882526763, 0.0506801187398187, -0.00189470584028465, 0.0218723549949558, -0.0387196869916418, -0.0248000120604336, -0.00658446761115617, -0.0394933828740919, -0.0398095943643375, -0.0135040182449705]'
2020-07-26 - 06:16:26 INFO: Message with y_pred value sent to queue
2020-07-26 - 06:16:29 INFO: Received feature vector b'[0.0671362140415805, 0.0506801187398187, -0.0299178197611881, 0.0574486853821349, -0.000193006962010205, -0.0157187066685371, 0.0744115640787594, -0.0505637191368646, -0.0384591123013538, 0.00720651632920303]'
2020-07-26 - 06:16:29 INFO: Message with y_pred value sent to queue
2020-07-26 - 06:16:32 INFO: Received feature vector b'[-0.00914709342983014, -0.044641636506989, 0.0110390390462862, -0.0573136709609782, -0.0249601584096305, -0.0429626228442264, 0.0302319104297145, -0.0394933828740919, 0.01703713241478, -0.0052198044153011]'
2020-07-26 - 06:16:32 INFO: Message with y_pred value sent to queue
2020-07-26 - 06:16:35 INFO: Received feature vector b'[0.0417084448844436, -0.044641636506989, -0.00728376620968916, 0.0287580963824284, -0.0428475455662452, -0.0482861466946485, 0.052321737254237, -0.076394503750001, -0.072128454601956, 0.0237749439885419]'
2020-07-26 - 06:16:35 INFO: Message with y_pred value sent to queue
2020-07-26 - 06:16:38 INFO: Received feature vector b'[0.00175052192322852, -0.044641636506989, -0.0460850008694016, -0.0332135761048244, -0.07311850844667, -0.0814798836443389, 0.0449584616460628, -0.0693832907835783, -0.0611765950943345, -0.0797777288823259]'
2020-07-26 - 06:16:38 INFO: Message with y_pred value sent to queue
2020-07-26 - 06:16:41 INFO: Received feature vector b'[-0.0745327855481821, -0.044641636506989, -0.0234509473179027, -0.00567061055493425, -0.0208322998350272, -0.0141529643595894, 0.0155053592133662, -0.0394933828740919, -0.0384591123013538, -0.0300724459043093]'
2020-07-26 - 06:16:41 INFO: Message with y_pred value sent to queue
2020-07-26 - 06:16:44 INFO: Received feature vector b'[-0.0454724779400257, 0.0506801187398187, -0.0245287593917836, 0.0597439326260547, 0.00531080447079431, 0.0149698425868371, -0.0544457590642881, 0.0712099797536354, 0.0423448954496075, 0.0154907301588724]'
2020-07-26 - 06:16:44 INFO: Message with y_pred value sent to queue
2020-07-26 - 06:16:47 INFO: Received feature vector b'[0.0162806757273067, 0.0506801187398187, -0.0212953231701409, -0.00911348124867051, 0.034205814493018, 0.047850431074738, 0.000778807997017968, -0.00259226199818282, -0.0129079422541688, 0.0237749439885419]'
2020-07-26 - 06:16:47 INFO: Message with y_pred value sent to queue
2020-07-26 - 06:16:50 INFO: Received feature vector b'[0.0489735217864827, 0.0506801187398187, 0.1231314947299, 0.0838440274822086, -0.104765424185296, -0.10089508827529, -0.0691723102806364, -0.00259226199818282, 0.0366457977933988, -0.0300724459043093]'
2020-07-26 - 06:16:50 INFO: Message with y_pred value sent to queue
2020-07-26 - 06:16:53 INFO: Received feature vector b'[-0.0926954778032799, -0.044641636506989, -0.0406959404999971, -0.0194420933298793, -0.0689906498720667, -0.0792878444118122, 0.0412768238419757, -0.076394503750001, -0.0411803851880079, -0.0963461565416647]'
2020-07-26 - 06:16:53 INFO: Message with y_pred value sent to queue
2020-07-26 - 06:16:56 INFO: Received feature vector b'[-0.0309423241359475, -0.044641636506989, 0.00564997867688165, -0.00911348124867051, 0.0190703330528056, 0.00682798258030921, 0.0744115640787594, -0.0394933828740919, -0.0411803851880079, -0.0424987666488135]'
2020-07-26 - 06:16:56 INFO: Message with y_pred value sent to queue
2020-07-26 - 06:16:59 INFO: Received feature vector b'[-0.00188201652779104, -0.044641636506989, -0.0385403163522353, 0.0218723549949558, -0.108893282759899, -0.115613065979398, 0.0228686348215404, -0.076394503750001, -0.0468794828442166, 0.0237749439885419]'
2020-07-26 - 06:16:59 INFO: Message with y_pred value sent to queue
2020-07-26 - 06:17:02 INFO: Received feature vector b'[-0.0963280162542995, -0.044641636506989, -0.0838084234552331, 0.0081008722200108, -0.103389471327095, -0.0905611890362353, -0.0139477432193303, -0.076394503750001, -0.0629129499162512, -0.0342145528191441]'
2020-07-26 - 06:17:02 INFO: Message with y_pred value sent to queue
2020-07-26 - 06:17:05 INFO: Received feature vector b'[0.0598711371395414, -0.044641636506989, -0.000816893766403737, -0.0848566365108683, 0.075484400239052, 0.0794784257154807, 0.00446044580110504, 0.0343088588777263, 0.0233748412798208, 0.0279170509033766]'
2020-07-26 - 06:17:05 INFO: Message with y_pred value sent to queue
2020-07-26 - 06:17:08 INFO: Received feature vector b'[-0.0273097856849279, 0.0506801187398187, 0.0606183944448076, 0.0494153205448459, 0.0851160702464598, 0.0863676918748504, -0.0029028298070691, 0.0343088588777263, 0.0378144788263439, 0.0486275854775501]'
2020-07-26 - 06:17:08 INFO: Message with y_pred value sent to queue
2020-07-26 - 06:17:11 INFO: Received feature vector b'[-0.0527375548420648, -0.044641636506989, 0.0713965151836166, -0.0745280244296595, -0.0153284884022226, -0.00131387742621863, 0.00446044580110504, -0.0214118336448964, -0.0468794828442166, 0.00306440941436832]'
2020-07-26 - 06:17:11 INFO: Message with y_pred value sent to queue
2020-07-26 - 06:17:14 INFO: Received feature vector b'[0.063503675590561, -0.044641636506989, -0.0503962491649252, 0.107944122338362, 0.0314539087766158, 0.0193539210518905, -0.0176293810234174, 0.0236075338237126, 0.0580391276638951, 0.0403433716478807]'
2020-07-26 - 06:17:14 INFO: Message with y_pred value sent to queue
2020-07-26 - 06:17:17 INFO: Received feature vector b'[0.00538306037424807, -0.044641636506989, 0.0498402737059986, 0.0976155102571536, -0.0153284884022226, -0.0163450035921162, -0.00658446761115617, -0.00259226199818282, 0.01703713241478, -0.0135040182449705]'
2020-07-26 - 06:17:17 INFO: Message with y_pred value sent to queue
2020-07-26 - 06:17:20 INFO: Received feature vector b'[-0.0273097856849279, -0.044641636506989, -0.0353068801305926, -0.0297707054110881, -0.0566070741482565, -0.058620045933703, 0.0302319104297145, -0.0394933828740919, -0.0498684677352306, -0.129483011860342]'
2020-07-26 - 06:17:20 INFO: Message with y_pred value sent to queue
2020-07-26 - 06:17:23 INFO: Received feature vector b'[-0.0890629393522603, -0.044641636506989, -0.0115950145052127, -0.0366564467985606, 0.0121905687618, 0.0249905933641021, -0.0360375700438527, 0.0343088588777263, 0.0226920225667445, -0.0093619113301358]'
2020-07-26 - 06:17:23 INFO: Message with y_pred value sent to queue
2020-07-26 - 06:17:26 INFO: Received feature vector b'[-0.00914709342983014, 0.0506801187398187, 0.17055522598066, 0.0149866136074833, 0.0300779559184146, 0.033758750294209, -0.0213110188275045, 0.0343088588777263, 0.0336568129023847, 0.0320591578182113]'
2020-07-26 - 06:17:26 INFO: Message with y_pred value sent to queue
2020-07-26 - 06:17:29 INFO: Received feature vector b'[0.0199132141783263, 0.0506801187398187, 0.0142724752679289, 0.063186803319791, 0.0149424744782022, 0.0202933664372591, -0.0470824834561139, 0.0343088588777263, 0.0466607723568145, 0.0900486546258972]'
2020-07-26 - 06:17:29 INFO: Message with y_pred value sent to queue
2020-07-26 - 06:17:32 INFO: Received feature vector b'[-0.0563700932930843, -0.044641636506989, 0.0929527566612346, -0.0194420933298793, 0.0149424744782022, 0.0234248510551544, -0.0286742944356786, 0.0254525898675081, 0.0260560896336847, 0.0403433716478807]'
2020-07-26 - 06:17:32 INFO: Message with y_pred value sent to queue
2020-07-26 - 06:17:35 INFO: Received feature vector b'[-0.0418399394890061, -0.044641636506989, -0.0665634302731387, -0.0469850588797694, -0.0373437341334407, -0.043275771306016, 0.0486400994501499, -0.0394933828740919, -0.0561575730950062, -0.0135040182449705]'
2020-07-26 - 06:17:35 INFO: Message with y_pred value sent to queue
2020-07-26 - 06:17:38 INFO: Received feature vector b'[0.00901559882526763, 0.0506801187398187, 0.0304396563761424, 0.0425295791573734, -0.00294491267841247, 0.0368902349121043, -0.0654906724765493, 0.0712099797536354, -0.0236445575721341, 0.0154907301588724]'
2020-07-26 - 06:17:38 INFO: Message with y_pred value sent to queue
2020-07-26 - 06:17:41 INFO: Received feature vector b'[-0.0890629393522603, -0.044641636506989, -0.041773752573878, -0.0194420933298793, -0.0662387441556644, -0.0742774690231797, 0.0081420836051921, -0.0394933828740919, 0.00114379737951254, -0.0300724459043093]'
2020-07-26 - 06:17:41 INFO: Message with y_pred value sent to queue
2020-07-26 - 06:17:44 INFO: Received feature vector b'[-0.0309423241359475, -0.044641636506989, 0.0466068374843559, 0.0149866136074833, -0.0167044412604238, -0.0470335528474903, 0.000778807997017968, -0.00259226199818282, 0.0634559213720654, -0.0259303389894746]'
2020-07-26 - 06:17:44 INFO: Message with y_pred value sent to queue
2020-07-26 - 06:17:47 INFO: Received feature vector b'[0.0598711371395414, 0.0506801187398187, 0.0228949718589761, 0.0494153205448459, 0.0163184273364034, 0.0118383579689417, -0.0139477432193303, -0.00259226199818282, 0.0395398780720242, 0.0196328370737072]'
2020-07-26 - 06:17:47 INFO: Message with y_pred value sent to queue
2020-07-26 - 06:17:51 INFO: Received feature vector b'[-0.00914709342983014, 0.0506801187398187, -0.0396181284261162, -0.0400993174922969, -0.00844872411121698, 0.0162224364339952, -0.0654906724765493, 0.0712099797536354, 0.0177634778671173, -0.0673514081378217]'
2020-07-26 - 06:17:51 INFO: Message with y_pred value sent to queue
2020-07-26 - 06:17:54 INFO: Received feature vector b'[-0.00188201652779104, -0.044641636506989, -0.0385403163522353, 0.0218723549949558, -0.108893282759899, -0.115613065979398, 0.0228686348215404, -0.076394503750001, -0.0468794828442166, 0.0237749439885419]'
2020-07-26 - 06:17:54 INFO: Message with y_pred value sent to queue
2020-07-26 - 06:17:57 INFO: Received feature vector b'[-0.00188201652779104, 0.0506801187398187, 0.0142724752679289, -0.0745280244296595, 0.00255889875439205, 0.00620168565673016, -0.0139477432193303, -0.00259226199818282, 0.0191990330785671, 0.00306440941436832]'
2020-07-26 - 06:17:57 INFO: Message with y_pred value sent to queue
2020-07-26 - 06:18:00 INFO: Received feature vector b'[-0.0781653239992017, -0.044641636506989, -0.0169840748746173, -0.0125563519424068, -0.000193006962010205, -0.0135266674360104, 0.0707299262746723, -0.0394933828740919, -0.0411803851880079, -0.09220404962683]'
2020-07-26 - 06:18:00 INFO: Message with y_pred value sent to queue
2020-07-26 - 06:18:03 INFO: Received feature vector b'[-0.0709002470971626, -0.044641636506989, 0.0390621529671896, -0.0332135761048244, -0.0125765826858204, -0.034507614375909, -0.0249926566315915, -0.00259226199818282, 0.0677363261102861, -0.0135040182449705]'
2020-07-26 - 06:18:03 INFO: Message with y_pred value sent to queue
